Tue Mar 12 19:36:58 UTC 2024
MaxEnt version 3.4.3
Reading file absence
readGrid: max memory 518979584, total allocated 81133568, free 62937000, used 18196568, increment 18196568
Reading samples from presence
Read samples: max memory 518979584, total allocated 81133568, free 75268016, used 5865552, increment -12331016
Adding samples to background in feature space
Command line used:  autorun -e maxent_outputs/absence -o maxent_outputs -s maxent_outputs/presence -z
Command line to repeat: java density.MaxEnt nowarnings noprefixes outputdirectory=maxent_outputs samplesfile=maxent_outputs/presence environmentallayers=maxent_outputs/absence autorun novisible
Species: species
Layers: wc2.1_2.5m_bio_1 wc2.1_2.5m_bio_10 wc2.1_2.5m_bio_11 wc2.1_2.5m_bio_12 wc2.1_2.5m_bio_13 wc2.1_2.5m_bio_14 wc2.1_2.5m_bio_15 wc2.1_2.5m_bio_16 wc2.1_2.5m_bio_17 wc2.1_2.5m_bio_18 wc2.1_2.5m_bio_19 wc2.1_2.5m_bio_2 wc2.1_2.5m_bio_3 wc2.1_2.5m_bio_4 wc2.1_2.5m_bio_5 wc2.1_2.5m_bio_6 wc2.1_2.5m_bio_7 wc2.1_2.5m_bio_8 wc2.1_2.5m_bio_9
Layertypes: Continuous Continuous Continuous Continuous Continuous Continuous Continuous Continuous Continuous Continuous Continuous Continuous Continuous Continuous Continuous Continuous Continuous Continuous Continuous
outputdirectory: maxent_outputs
samplesfile: maxent_outputs/presence
environmentallayers: maxent_outputs/absence
autorun: true
visible: false

getSamples: max memory 518979584, total allocated 81133568, free 66489272, used 14644296, increment 8778744
Making features
makeFeatures: max memory 518979584, total allocated 81133568, free 65162088, used 15971480, increment 1327184
species: 
Regularization values: linear/quadratic/product: 0.050, categorical: 0.250, threshold: 1.000, hinge: 0.500
289 samples
Density: max memory 518979584, total allocated 81133568, free 61202272, used 19931296, increment 3959816
linearPredictor: max memory 518979584, total allocated 81133568, free 61202272, used 19931296, increment 0
FeaturedSpace: max memory 518979584, total allocated 81133568, free 61202272, used 19931296, increment 0
Sequential: max memory 518979584, total allocated 81133568, free 61202272, used 19931296, increment 0
Initial loss: 6.361302477572996
Time since start: 1.574
500: time = 1.172000 loss = 5.955369
Resulting gain: 0.4059339151336703
Time since start: 2.991
Projecting...
Writing file maxent_outputs/species.csv
Ending
